[00:27:43.379909 WARN] EnergyPlus reported area is 188 (m^2). OpenStudio reported area is 231 (m^2).
[00:27:50.037174 WARN] Interior Lighting Summary section failed and was skipped because: Optional not initialized. Detail on error follows.
[00:27:50.037219 WARN] /Users/kingsleyenweye/Desktop/GRADUATE SCHOOL SEMESTERS/Fall 2020/ARC 327R - ENERGY MODELING & THE DESIGN PROCESS/arc_327r_projects/project_1/window_parametric_analysis/measures/5d24f032-e2e4-407f-a20d-9f76e15d4ac1/measure.rb:286:in `eval'
/Users/kingsleyenweye/Desktop/GRADUATE SCHOOL SEMESTERS/Fall 2020/ARC 327R - ENERGY MODELING & THE DESIGN PROCESS/arc_327r_projects/project_1/window_parametric_analysis/measures/5d24f032-e2e4-407f-a20d-9f76e15d4ac1/resources/os_lib_reporting.rb:3293:in `block in interior_lighting_section'
/Users/kingsleyenweye/Desktop/GRADUATE SCHOOL SEMESTERS/Fall 2020/ARC 327R - ENERGY MODELING & THE DESIGN PROCESS/arc_327r_projects/project_1/window_parametric_analysis/measures/5d24f032-e2e4-407f-a20d-9f76e15d4ac1/resources/os_lib_reporting.rb:3292:in `each'
/Users/kingsleyenweye/Desktop/GRADUATE SCHOOL SEMESTERS/Fall 2020/ARC 327R - ENERGY MODELING & THE DESIGN PROCESS/arc_327r_projects/project_1/window_parametric_analysis/measures/5d24f032-e2e4-407f-a20d-9f76e15d4ac1/resources/os_lib_reporting.rb:3292:in `interior_lighting_section'
(eval):1:in `block in run'
/Users/kingsleyenweye/Desktop/GRADUATE SCHOOL SEMESTERS/Fall 2020/ARC 327R - ENERGY MODELING & THE DESIGN PROCESS/arc_327r_projects/project_1/window_parametric_analysis/measures/5d24f032-e2e4-407f-a20d-9f76e15d4ac1/measure.rb:286:in `eval'
/Users/kingsleyenweye/Desktop/GRADUATE SCHOOL SEMESTERS/Fall 2020/ARC 327R - ENERGY MODELING & THE DESIGN PROCESS/arc_327r_projects/project_1/window_parametric_analysis/measures/5d24f032-e2e4-407f-a20d-9f76e15d4ac1/measure.rb:286:in `block in run'
/Users/kingsleyenweye/Desktop/GRADUATE SCHOOL SEMESTERS/Fall 2020/ARC 327R - ENERGY MODELING & THE DESIGN PROCESS/arc_327r_projects/project_1/window_parametric_analysis/measures/5d24f032-e2e4-407f-a20d-9f76e15d4ac1/measure.rb:282:in `each'
/Users/kingsleyenweye/Desktop/GRADUATE SCHOOL SEMESTERS/Fall 2020/ARC 327R - ENERGY MODELING & THE DESIGN PROCESS/arc_327r_projects/project_1/window_parametric_analysis/measures/5d24f032-e2e4-407f-a20d-9f76e15d4ac1/measure.rb:282:in `run'
:/ruby/2.2.0/gems/openstudio-workflow-1.3.4/lib/openstudio/workflow/util/measure.rb:506:in `apply_measure'
:/ruby/2.2.0/gems/openstudio-workflow-1.3.4/lib/openstudio/workflow/util/measure.rb:109:in `block in apply_measures'
:/ruby/2.2.0/gems/openstudio-workflow-1.3.4/lib/openstudio/workflow/util/measure.rb:67:in `each_index'
:/ruby/2.2.0/gems/openstudio-workflow-1.3.4/lib/openstudio/workflow/util/measure.rb:67:in `apply_measures'
:/ruby/2.2.0/gems/openstudio-workflow-1.3.4/lib/openstudio/workflow/jobs/run_reporting_measures.rb:101:in `perform'
:/ruby/2.2.0/gems/openstudio-workflow-1.3.4/lib/openstudio/workflow/run.rb:285:in `step'
:/ruby/2.2.0/gems/openstudio-workflow-1.3.4/lib/openstudio/workflow/run.rb:232:in `run'
:/openstudio_cli.rb:975:in `execute'
:/openstudio_cli.rb:763:in `execute'
:/openstudio_cli.rb:1746:in `<main>'
eval:116:in `eval'
eval:116:in `require_embedded_absolute'
eval:101:in `block in require'
eval:95:in `each'
eval:95:in `require'
eval:3:in `<main>'
